Batch file index: 1; Row index start: 0; Row index end: 256.


#########################
Calculate validation loss
#########################
Validation loss for batch: 7.809494495391846
Validation loss for batch: 7.7603349685668945
Validation loss for batch: 7.724090099334717
Validation loss for batch: 7.847418308258057
Validation loss for batch: 7.758502960205078
Validation loss for batch: 7.753785610198975
Validation loss for batch: 7.921272277832031
Validation loss for batch: 7.846078395843506
Validation loss for batch: 7.75217342376709
Validation loss for batch: 7.763178825378418
Validation loss for batch: 7.699328422546387
Validation loss for batch: 7.755518436431885
Validation loss for batch: 7.841810703277588
Validation loss for batch: 7.772414207458496
Validation loss for batch: 7.8165740966796875
Validation loss for batch: 7.836663722991943
#########################
Average validation loss for all batches: 7.791164934635162
#########################

#########################
Training loss
#########################
Epoch: 1 of 10, Iteration: 1 of 187499, Loss: 10.556081771850586
Batch file index: 1; Row index start: 256; Row index end: 512.

